<?xml version="1.0" encoding="UTF-8"?>
<!-- Generated by org.testng.reporters.JUnitReportReporter -->
<testsuite hostname="DESKTOP-8FP5O0L" failures="0" tests="3" name="SeleniumFrameworkDesign.StandAloneTest2" time="63.397" errors="0" timestamp="23 Mar 2024 12:44:57 GMT">
  <testcase classname="SeleniumFrameworkDesign.StandAloneTest2" name="submitOrder" time="23.081"/>
  <testcase classname="SeleniumFrameworkDesign.StandAloneTest2" name="orderhistory" time="18.898"/>
  <testcase classname="SeleniumFrameworkDesign.StandAloneTest2" name="submitOrder" time="21.418"/>
</testsuite> <!-- SeleniumFrameworkDesign.StandAloneTest2 -->
