<?xml version="1.0" encoding="UTF-8"?>
<!-- Generated by org.testng.reporters.JUnitReportReporter -->
<testsuite hostname="DESKTOP-54DFGDU" failures="0" tests="1" name="SeleniumFrameworkDesign.ErrorValidations" time="12.048" errors="0" timestamp="2024-02-06T23:52:23 IST" skipped="0">
  <testcase classname="SeleniumFrameworkDesign.ErrorValidations" name="loginErrorValidation" time="12.048"/>
</testsuite> <!-- SeleniumFrameworkDesign.ErrorValidations -->
