<?xml version="1.0" encoding="UTF-8"?>
<!-- Generated by org.testng.reporters.JUnitReportReporter -->
<testsuite hostname="DESKTOP-54DFGDU" failures="0" tests="2" name="SeleniumFrameworkDesign.StandAloneTest2" time="48.003" errors="0" timestamp="2024-02-08T00:55:38 IST" skipped="0">
  <testcase classname="SeleniumFrameworkDesign.StandAloneTest2" name="submitOrder" time="22.774"/>
  <testcase classname="SeleniumFrameworkDesign.StandAloneTest2" name="submitOrder" time="25.229"/>
</testsuite> <!-- SeleniumFrameworkDesign.StandAloneTest2 -->
